<html>
<head>
<title>TestNG:  Test</title>
<link href="../testng.css" rel="stylesheet" type="text/css" />
<link href="../my-testng.css" rel="stylesheet" type="text/css" />

<style type="text/css">
.log { display: none;} 
.stack-trace { display: none;} 
</style>
<script type="text/javascript">
<!--
function flip(e) {
  current = e.style.display;
  if (current == 'block') {
    e.style.display = 'none';
    return 0;
  }
  else {
    e.style.display = 'block';
    return 1;
  }
}

function toggleBox(szDivId, elem, msg1, msg2)
{
  var res = -1;  if (document.getElementById) {
    res = flip(document.getElementById(szDivId));
  }
  else if (document.all) {
    // this is the way old msie versions work
    res = flip(document.all[szDivId]);
  }
  if(elem) {
    if(res == 0) elem.innerHTML = msg1; else elem.innerHTML = msg2;
  }

}

function toggleAllBoxes() {
  if (document.getElementsByTagName) {
    d = document.getElementsByTagName('div');
    for (i = 0; i < d.length; i++) {
      if (d[i].className == 'log') {
        flip(d[i]);
      }
    }
  }
}

// -->
</script>

</head>
<body>
<h2 align='center'>Test</h2><table border='1' align="center">
<tr>
<td>Tests passed/Failed/Skipped:</td><td>17/3/0</td>
</tr><tr>
<td>Started on:</td><td>Wed Aug 25 17:27:08 SGT 2021</td>
</tr>
<tr><td>Total time:</td><td>776 seconds (776970 ms)</td>
</tr><tr>
<td>Included groups:</td><td></td>
</tr><tr>
<td>Excluded groups:</td><td></td>
</tr>
</table><p/>
<small><i>(Hover the method name to see the test class name)</i></small><p/>
<table width='100%' border='1' class='invocation-failed'>
<tr><td colspan='4' align='center'><b>FAILED TESTS</b></td></tr>
<tr><td><b>Test method</b></td>
<td width="30%"><b>Exception</b></td>
<td width="10%"><b>Time (seconds)</b></td>
<td><b>Instance</b></td>
</tr>
<tr>
<td title='runner.TestRunner.feature()'><b>feature</b><br>Test class: runner.TestRunner<br>Test method: Runs Cucumber Feature<br>Parameters: Project details Feature</td>
<td><div><pre>cucumber.runtime.CucumberException: org.openqa.selenium.ElementClickInterceptedException: element click intercepted: Element &lt;a href=&quot;/u/pooja18lh/org/pooja18lh/projects&quot; class=&quot;&quot;&gt;...&lt;/a&gt; is not clickable at point (40, 170). Other element would receive the click: &lt;div data-v-29283772=&quot;&quot; class=&quot;el-dialog__wrapper&quot; name=&quot;scan-setting-modal&quot; height=&quot;auto&quot; pivoty=&quot;0.2&quot; style=&quot;z-index: 2001;&quot;&gt;...&lt;/div&gt;
  (Session info: chrome=92.0.4515.159)
Build info: version: &apos;3.7.0&apos;, revision: &apos;2321c73&apos;, time: &apos;2017-11-02T22:22:35.584Z&apos;
System info: host: &apos;DESKTOP-P004O12&apos;, ip: &apos;192.168.10.118&apos;, os.name: &apos;Windows 10&apos;, os.arch: &apos;amd64&apos;, os.version: &apos;10.0&apos;, java.version: &apos;1.8.0_251&apos;
Driver info: org.openqa.selenium.chrome.ChromeDriver
Capabilities {acceptInsecureCerts: false, browserName: chrome, browserVersion: 92.0.4515.159, chrome: {chromedriverVersion: 92.0.4515.107 (87a818b10553..., userDataDir: C:\Users\Pooja\AppData\Loca...}, goog:chromeOptions: {debuggerAddress: localhost:63156}, javascriptEnabled: true, networkConnectionEnabled: false, pageLoadStrategy: normal, platform: WINDOWS, platformName: WINDOWS, proxy: Proxy(), setWindowRect: true, strictFileInteractability: false, timeouts: {implicit: 0, pageLoad: 300000, script: 30000}, unhandledPromptBehavior: dismiss and notify, webauthn:extension:credBlob: true, webauthn:extension:largeBlob: true, webauthn:virtualAuthenticators: true}
Session ID: 214ce0b89279c1f227fd138056ea7ecc
	at cucumber.api.testng.TestNGCucumberRunner.runCucumber(TestNGCucumberRunner.java:69)
	at cucumber.api.testng.AbstractTestNGCucumberTests.feature(AbstractTestNGCucumberTests.java:21)
Caused by: org.openqa.selenium.ElementClickInterceptedException: element click intercepted: Element &lt;a href=&quot;/u/pooja18lh/org/pooja18lh/projects&quot; class=&quot;&quot;&gt;...&lt;/a&gt; is not clickable at point (40, 170). Other element would receive the click: &lt;div data-v-29283772=&quot;&quot; class=&quot;el-dialog__wrapper&quot; name=&quot;scan-setting-modal&quot; height=&quot;auto&quot; pivoty=&quot;0.2&quot; style=&quot;z-index: 2001;&quot;&gt;...&lt;/div&gt;
  (Session info: chrome=92.0.4515.159)
Build info: version: &apos;3.7.0&apos;, revision: &apos;2321c73&apos;, time: &apos;2017-11-02T22:22:35.584Z&apos;
System info: host: &apos;DESKTOP-P004O12&apos;, ip: &apos;192.168.10.118&apos;, os.name: &apos;Windows 10&apos;, os.arch: &apos;amd64&apos;, os.version: &apos;10.0&apos;, java.version: &apos;1.8.0_251&apos;
Driver info: org.openqa.selenium.chrome.ChromeDriver
Capabilities {acceptInsecureCerts: false, browserName: chrome, browserVersion: 92.0.4515.159, chrome: {chromedriverVersion: 92.0.4515.107 (87a818b10553..., userDataDir: C:\Users\Pooja\AppData\Loca...}, goog:chromeOptions: {debuggerAddress: localhost:63156}, javascriptEnabled: true, networkConnectionEnabled: false, pageLoadStrategy: normal, platform: WINDOWS, platformName: WINDOWS, proxy: Proxy(), setWindowRect: true, strictFileInteractability: false, timeouts: {implicit: 0, pageLoad: 300000, script: 30000}, unhandledPromptBehavior: dismiss and notify, webauthn:extension:credBlob: true, webauthn:extension:largeBlob: true, webauthn:virtualAuthenticators: true}
Session ID: 214ce0b89279c1f227fd138056ea7ecc
	at org.openqa.selenium.remote.http.W3CHttpResponseCodec.createException(W3CHttpResponseCodec.java:187)
	at org.openqa.selenium.remote.http.W3CHttpResponseCodec.decode(W3CHttpResponseCodec.java:122)
	at org.openqa.selenium.remote.http.W3CHttpResponseCodec.decode(W3CHttpResponseCodec.java:49)
	at org.openqa.selenium.remote.HttpCommandExecutor.execute(HttpCommandExecutor.java:164)
	at org.openqa.selenium.remote.service.DriverCommandExecutor.execute(DriverCommandExecutor.java:83)
	at org.openqa.selenium.remote.RemoteWebDriver.execute(RemoteWebDriver.java:600)
	at org.openqa.selenium.remote.RemoteWebElement.execute(RemoteWebElement.java:279)
	at org.openqa.selenium.remote.RemoteWebElement.click(RemoteWebElement.java:83)
	at stepDef.ProjectStepDef.click_on_project_menu(ProjectStepDef.java:61)
	at ?.When Click on project menu(src/test/java/features/05_ProjectDetails.feature:14)
... Removed 32 stack frames</pre></div><a href='#' onClick='toggleBox("stack-trace1470772251", this, "Click to show all stack frames", "Click to hide stack frames")'>Click to show all stack frames</a>
<div class='stack-trace' id='stack-trace1470772251'><pre>cucumber.runtime.CucumberException: org.openqa.selenium.ElementClickInterceptedException: element click intercepted: Element &lt;a href=&quot;/u/pooja18lh/org/pooja18lh/projects&quot; class=&quot;&quot;&gt;...&lt;/a&gt; is not clickable at point (40, 170). Other element would receive the click: &lt;div data-v-29283772=&quot;&quot; class=&quot;el-dialog__wrapper&quot; name=&quot;scan-setting-modal&quot; height=&quot;auto&quot; pivoty=&quot;0.2&quot; style=&quot;z-index: 2001;&quot;&gt;...&lt;/div&gt;
  (Session info: chrome=92.0.4515.159)
Build info: version: &apos;3.7.0&apos;, revision: &apos;2321c73&apos;, time: &apos;2017-11-02T22:22:35.584Z&apos;
System info: host: &apos;DESKTOP-P004O12&apos;, ip: &apos;192.168.10.118&apos;, os.name: &apos;Windows 10&apos;, os.arch: &apos;amd64&apos;, os.version: &apos;10.0&apos;, java.version: &apos;1.8.0_251&apos;
Driver info: org.openqa.selenium.chrome.ChromeDriver
Capabilities {acceptInsecureCerts: false, browserName: chrome, browserVersion: 92.0.4515.159, chrome: {chromedriverVersion: 92.0.4515.107 (87a818b10553..., userDataDir: C:\Users\Pooja\AppData\Loca...}, goog:chromeOptions: {debuggerAddress: localhost:63156}, javascriptEnabled: true, networkConnectionEnabled: false, pageLoadStrategy: normal, platform: WINDOWS, platformName: WINDOWS, proxy: Proxy(), setWindowRect: true, strictFileInteractability: false, timeouts: {implicit: 0, pageLoad: 300000, script: 30000}, unhandledPromptBehavior: dismiss and notify, webauthn:extension:credBlob: true, webauthn:extension:largeBlob: true, webauthn:virtualAuthenticators: true}
Session ID: 214ce0b89279c1f227fd138056ea7ecc
	at cucumber.api.testng.TestNGCucumberRunner.runCucumber(TestNGCucumberRunner.java:69)
	at cucumber.api.testng.AbstractTestNGCucumberTests.feature(AbstractTestNGCucumberTests.java:21)
	at sun.reflect.NativeMethodAccessorImpl.invoke0(Native Method)
	at sun.reflect.NativeMethodAccessorImpl.invoke(Unknown Source)
	at sun.reflect.DelegatingMethodAccessorImpl.invoke(Unknown Source)
	at java.lang.reflect.Method.invoke(Unknown Source)
	at org.testng.internal.MethodInvocationHelper.invokeMethod(MethodInvocationHelper.java:124)
	at org.testng.internal.Invoker.invokeMethod(Invoker.java:580)
	at org.testng.internal.Invoker.invokeTestMethod(Invoker.java:716)
	at org.testng.internal.Invoker.invokeTestMethods(Invoker.java:988)
	at org.testng.internal.TestMethodWorker.invokeTestMethods(TestMethodWorker.java:125)
	at org.testng.internal.TestMethodWorker.run(TestMethodWorker.java:109)
	at org.testng.TestRunner.privateRun(TestRunner.java:648)
	at org.testng.TestRunner.run(TestRunner.java:505)
	at org.testng.SuiteRunner.runTest(SuiteRunner.java:455)
	at org.testng.SuiteRunner.runSequentially(SuiteRunner.java:450)
	at org.testng.SuiteRunner.privateRun(SuiteRunner.java:415)
	at org.testng.SuiteRunner.run(SuiteRunner.java:364)
	at org.testng.SuiteRunnerWorker.runSuite(SuiteRunnerWorker.java:52)
	at org.testng.SuiteRunnerWorker.run(SuiteRunnerWorker.java:84)
	at org.testng.TestNG.runSuitesSequentially(TestNG.java:1208)
	at org.testng.TestNG.runSuitesLocally(TestNG.java:1137)
	at org.testng.TestNG.runSuites(TestNG.java:1049)
	at org.testng.TestNG.run(TestNG.java:1017)
	at org.apache.maven.surefire.testng.TestNGExecutor.run(TestNGExecutor.java:281)
	at org.apache.maven.surefire.testng.TestNGXmlTestSuite.execute(TestNGXmlTestSuite.java:75)
	at org.apache.maven.surefire.testng.TestNGProvider.invoke(TestNGProvider.java:121)
	at org.apache.maven.surefire.booter.ForkedBooter.invokeProviderInSameClassLoader(ForkedBooter.java:290)
	at org.apache.maven.surefire.booter.ForkedBooter.runSuitesInProcess(ForkedBooter.java:242)
	at org.apache.maven.surefire.booter.ForkedBooter.main(ForkedBooter.java:121)
Caused by: org.openqa.selenium.ElementClickInterceptedException: element click intercepted: Element &lt;a href=&quot;/u/pooja18lh/org/pooja18lh/projects&quot; class=&quot;&quot;&gt;...&lt;/a&gt; is not clickable at point (40, 170). Other element would receive the click: &lt;div data-v-29283772=&quot;&quot; class=&quot;el-dialog__wrapper&quot; name=&quot;scan-setting-modal&quot; height=&quot;auto&quot; pivoty=&quot;0.2&quot; style=&quot;z-index: 2001;&quot;&gt;...&lt;/div&gt;
  (Session info: chrome=92.0.4515.159)
Build info: version: &apos;3.7.0&apos;, revision: &apos;2321c73&apos;, time: &apos;2017-11-02T22:22:35.584Z&apos;
System info: host: &apos;DESKTOP-P004O12&apos;, ip: &apos;192.168.10.118&apos;, os.name: &apos;Windows 10&apos;, os.arch: &apos;amd64&apos;, os.version: &apos;10.0&apos;, java.version: &apos;1.8.0_251&apos;
Driver info: org.openqa.selenium.chrome.ChromeDriver
Capabilities {acceptInsecureCerts: false, browserName: chrome, browserVersion: 92.0.4515.159, chrome: {chromedriverVersion: 92.0.4515.107 (87a818b10553..., userDataDir: C:\Users\Pooja\AppData\Loca...}, goog:chromeOptions: {debuggerAddress: localhost:63156}, javascriptEnabled: true, networkConnectionEnabled: false, pageLoadStrategy: normal, platform: WINDOWS, platformName: WINDOWS, proxy: Proxy(), setWindowRect: true, strictFileInteractability: false, timeouts: {implicit: 0, pageLoad: 300000, script: 30000}, unhandledPromptBehavior: dismiss and notify, webauthn:extension:credBlob: true, webauthn:extension:largeBlob: true, webauthn:virtualAuthenticators: true}
Session ID: 214ce0b89279c1f227fd138056ea7ecc
	at sun.reflect.NativeConstructorAccessorImpl.newInstance0(Native Method)
	at sun.reflect.NativeConstructorAccessorImpl.newInstance(Unknown Source)
	at sun.reflect.DelegatingConstructorAccessorImpl.newInstance(Unknown Source)
	at java.lang.reflect.Constructor.newInstance(Unknown Source)
	at org.openqa.selenium.remote.http.W3CHttpResponseCodec.createException(W3CHttpResponseCodec.java:187)
	at org.openqa.selenium.remote.http.W3CHttpResponseCodec.decode(W3CHttpResponseCodec.java:122)
	at org.openqa.selenium.remote.http.W3CHttpResponseCodec.decode(W3CHttpResponseCodec.java:49)
	at org.openqa.selenium.remote.HttpCommandExecutor.execute(HttpCommandExecutor.java:164)
	at org.openqa.selenium.remote.service.DriverCommandExecutor.execute(DriverCommandExecutor.java:83)
	at org.openqa.selenium.remote.RemoteWebDriver.execute(RemoteWebDriver.java:600)
	at org.openqa.selenium.remote.RemoteWebElement.execute(RemoteWebElement.java:279)
	at org.openqa.selenium.remote.RemoteWebElement.click(RemoteWebElement.java:83)
	at stepDef.ProjectStepDef.click_on_project_menu(ProjectStepDef.java:61)
	at ?.When Click on project menu(src/test/java/features/05_ProjectDetails.feature:14)
</pre></div></td>
<td>64</td>
<td>runner.TestRunner@1e88b3c</td></tr>
<tr>
<td title='runner.TestRunner.feature()'><b>feature</b><br>Test class: runner.TestRunner<br>Test method: Runs Cucumber Feature<br>Parameters: Vulnerbility Feature</td>
<td><div><pre>cucumber.runtime.CucumberException: org.openqa.selenium.ElementClickInterceptedException: element click intercepted: Element &lt;div data-v-55432318=&quot;&quot;&gt;...&lt;/div&gt; is not clickable at point (1178, 306). Other element would receive the click: &lt;th colspan=&quot;1&quot; rowspan=&quot;1&quot; class=&quot;el-table_4_column_28  is-center   is-leaf&quot;&gt;...&lt;/th&gt;
  (Session info: chrome=92.0.4515.159)
Build info: version: &apos;3.7.0&apos;, revision: &apos;2321c73&apos;, time: &apos;2017-11-02T22:22:35.584Z&apos;
System info: host: &apos;DESKTOP-P004O12&apos;, ip: &apos;192.168.10.118&apos;, os.name: &apos;Windows 10&apos;, os.arch: &apos;amd64&apos;, os.version: &apos;10.0&apos;, java.version: &apos;1.8.0_251&apos;
Driver info: org.openqa.selenium.chrome.ChromeDriver
Capabilities {acceptInsecureCerts: false, browserName: chrome, browserVersion: 92.0.4515.159, chrome: {chromedriverVersion: 92.0.4515.107 (87a818b10553..., userDataDir: C:\Users\Pooja\AppData\Loca...}, goog:chromeOptions: {debuggerAddress: localhost:63156}, javascriptEnabled: true, networkConnectionEnabled: false, pageLoadStrategy: normal, platform: WINDOWS, platformName: WINDOWS, proxy: Proxy(), setWindowRect: true, strictFileInteractability: false, timeouts: {implicit: 0, pageLoad: 300000, script: 30000}, unhandledPromptBehavior: dismiss and notify, webauthn:extension:credBlob: true, webauthn:extension:largeBlob: true, webauthn:virtualAuthenticators: true}
Session ID: 214ce0b89279c1f227fd138056ea7ecc
	at cucumber.api.testng.TestNGCucumberRunner.runCucumber(TestNGCucumberRunner.java:69)
	at cucumber.api.testng.AbstractTestNGCucumberTests.feature(AbstractTestNGCucumberTests.java:21)
Caused by: org.openqa.selenium.ElementClickInterceptedException: element click intercepted: Element &lt;div data-v-55432318=&quot;&quot;&gt;...&lt;/div&gt; is not clickable at point (1178, 306). Other element would receive the click: &lt;th colspan=&quot;1&quot; rowspan=&quot;1&quot; class=&quot;el-table_4_column_28  is-center   is-leaf&quot;&gt;...&lt;/th&gt;
  (Session info: chrome=92.0.4515.159)
Build info: version: &apos;3.7.0&apos;, revision: &apos;2321c73&apos;, time: &apos;2017-11-02T22:22:35.584Z&apos;
System info: host: &apos;DESKTOP-P004O12&apos;, ip: &apos;192.168.10.118&apos;, os.name: &apos;Windows 10&apos;, os.arch: &apos;amd64&apos;, os.version: &apos;10.0&apos;, java.version: &apos;1.8.0_251&apos;
Driver info: org.openqa.selenium.chrome.ChromeDriver
Capabilities {acceptInsecureCerts: false, browserName: chrome, browserVersion: 92.0.4515.159, chrome: {chromedriverVersion: 92.0.4515.107 (87a818b10553..., userDataDir: C:\Users\Pooja\AppData\Loca...}, goog:chromeOptions: {debuggerAddress: localhost:63156}, javascriptEnabled: true, networkConnectionEnabled: false, pageLoadStrategy: normal, platform: WINDOWS, platformName: WINDOWS, proxy: Proxy(), setWindowRect: true, strictFileInteractability: false, timeouts: {implicit: 0, pageLoad: 300000, script: 30000}, unhandledPromptBehavior: dismiss and notify, webauthn:extension:credBlob: true, webauthn:extension:largeBlob: true, webauthn:virtualAuthenticators: true}
Session ID: 214ce0b89279c1f227fd138056ea7ecc
	at org.openqa.selenium.remote.http.W3CHttpResponseCodec.createException(W3CHttpResponseCodec.java:187)
	at org.openqa.selenium.remote.http.W3CHttpResponseCodec.decode(W3CHttpResponseCodec.java:122)
	at org.openqa.selenium.remote.http.W3CHttpResponseCodec.decode(W3CHttpResponseCodec.java:49)
	at org.openqa.selenium.remote.HttpCommandExecutor.execute(HttpCommandExecutor.java:164)
	at org.openqa.selenium.remote.service.DriverCommandExecutor.execute(DriverCommandExecutor.java:83)
	at org.openqa.selenium.remote.RemoteWebDriver.execute(RemoteWebDriver.java:600)
	at org.openqa.selenium.remote.RemoteWebElement.execute(RemoteWebElement.java:279)
	at org.openqa.selenium.remote.RemoteWebElement.click(RemoteWebElement.java:83)
	at stepDef.VulnerabiltyStepDef.click_on_Generate_and_download_pdf_vulnerability_report(VulnerabiltyStepDef.java:266)
	at ?.And click on Generate and download pdf vulnerability report(src/test/java/features/08_Vulnerability.feature:37)
... Removed 32 stack frames</pre></div><a href='#' onClick='toggleBox("stack-trace2016482777", this, "Click to show all stack frames", "Click to hide stack frames")'>Click to show all stack frames</a>
<div class='stack-trace' id='stack-trace2016482777'><pre>cucumber.runtime.CucumberException: org.openqa.selenium.ElementClickInterceptedException: element click intercepted: Element &lt;div data-v-55432318=&quot;&quot;&gt;...&lt;/div&gt; is not clickable at point (1178, 306). Other element would receive the click: &lt;th colspan=&quot;1&quot; rowspan=&quot;1&quot; class=&quot;el-table_4_column_28  is-center   is-leaf&quot;&gt;...&lt;/th&gt;
  (Session info: chrome=92.0.4515.159)
Build info: version: &apos;3.7.0&apos;, revision: &apos;2321c73&apos;, time: &apos;2017-11-02T22:22:35.584Z&apos;
System info: host: &apos;DESKTOP-P004O12&apos;, ip: &apos;192.168.10.118&apos;, os.name: &apos;Windows 10&apos;, os.arch: &apos;amd64&apos;, os.version: &apos;10.0&apos;, java.version: &apos;1.8.0_251&apos;
Driver info: org.openqa.selenium.chrome.ChromeDriver
Capabilities {acceptInsecureCerts: false, browserName: chrome, browserVersion: 92.0.4515.159, chrome: {chromedriverVersion: 92.0.4515.107 (87a818b10553..., userDataDir: C:\Users\Pooja\AppData\Loca...}, goog:chromeOptions: {debuggerAddress: localhost:63156}, javascriptEnabled: true, networkConnectionEnabled: false, pageLoadStrategy: normal, platform: WINDOWS, platformName: WINDOWS, proxy: Proxy(), setWindowRect: true, strictFileInteractability: false, timeouts: {implicit: 0, pageLoad: 300000, script: 30000}, unhandledPromptBehavior: dismiss and notify, webauthn:extension:credBlob: true, webauthn:extension:largeBlob: true, webauthn:virtualAuthenticators: true}
Session ID: 214ce0b89279c1f227fd138056ea7ecc
	at cucumber.api.testng.TestNGCucumberRunner.runCucumber(TestNGCucumberRunner.java:69)
	at cucumber.api.testng.AbstractTestNGCucumberTests.feature(AbstractTestNGCucumberTests.java:21)
	at sun.reflect.NativeMethodAccessorImpl.invoke0(Native Method)
	at sun.reflect.NativeMethodAccessorImpl.invoke(Unknown Source)
	at sun.reflect.DelegatingMethodAccessorImpl.invoke(Unknown Source)
	at java.lang.reflect.Method.invoke(Unknown Source)
	at org.testng.internal.MethodInvocationHelper.invokeMethod(MethodInvocationHelper.java:124)
	at org.testng.internal.Invoker.invokeMethod(Invoker.java:580)
	at org.testng.internal.Invoker.invokeTestMethod(Invoker.java:716)
	at org.testng.internal.Invoker.invokeTestMethods(Invoker.java:988)
	at org.testng.internal.TestMethodWorker.invokeTestMethods(TestMethodWorker.java:125)
	at org.testng.internal.TestMethodWorker.run(TestMethodWorker.java:109)
	at org.testng.TestRunner.privateRun(TestRunner.java:648)
	at org.testng.TestRunner.run(TestRunner.java:505)
	at org.testng.SuiteRunner.runTest(SuiteRunner.java:455)
	at org.testng.SuiteRunner.runSequentially(SuiteRunner.java:450)
	at org.testng.SuiteRunner.privateRun(SuiteRunner.java:415)
	at org.testng.SuiteRunner.run(SuiteRunner.java:364)
	at org.testng.SuiteRunnerWorker.runSuite(SuiteRunnerWorker.java:52)
	at org.testng.SuiteRunnerWorker.run(SuiteRunnerWorker.java:84)
	at org.testng.TestNG.runSuitesSequentially(TestNG.java:1208)
	at org.testng.TestNG.runSuitesLocally(TestNG.java:1137)
	at org.testng.TestNG.runSuites(TestNG.java:1049)
	at org.testng.TestNG.run(TestNG.java:1017)
	at org.apache.maven.surefire.testng.TestNGExecutor.run(TestNGExecutor.java:281)
	at org.apache.maven.surefire.testng.TestNGXmlTestSuite.execute(TestNGXmlTestSuite.java:75)
	at org.apache.maven.surefire.testng.TestNGProvider.invoke(TestNGProvider.java:121)
	at org.apache.maven.surefire.booter.ForkedBooter.invokeProviderInSameClassLoader(ForkedBooter.java:290)
	at org.apache.maven.surefire.booter.ForkedBooter.runSuitesInProcess(ForkedBooter.java:242)
	at org.apache.maven.surefire.booter.ForkedBooter.main(ForkedBooter.java:121)
Caused by: org.openqa.selenium.ElementClickInterceptedException: element click intercepted: Element &lt;div data-v-55432318=&quot;&quot;&gt;...&lt;/div&gt; is not clickable at point (1178, 306). Other element would receive the click: &lt;th colspan=&quot;1&quot; rowspan=&quot;1&quot; class=&quot;el-table_4_column_28  is-center   is-leaf&quot;&gt;...&lt;/th&gt;
  (Session info: chrome=92.0.4515.159)
Build info: version: &apos;3.7.0&apos;, revision: &apos;2321c73&apos;, time: &apos;2017-11-02T22:22:35.584Z&apos;
System info: host: &apos;DESKTOP-P004O12&apos;, ip: &apos;192.168.10.118&apos;, os.name: &apos;Windows 10&apos;, os.arch: &apos;amd64&apos;, os.version: &apos;10.0&apos;, java.version: &apos;1.8.0_251&apos;
Driver info: org.openqa.selenium.chrome.ChromeDriver
Capabilities {acceptInsecureCerts: false, browserName: chrome, browserVersion: 92.0.4515.159, chrome: {chromedriverVersion: 92.0.4515.107 (87a818b10553..., userDataDir: C:\Users\Pooja\AppData\Loca...}, goog:chromeOptions: {debuggerAddress: localhost:63156}, javascriptEnabled: true, networkConnectionEnabled: false, pageLoadStrategy: normal, platform: WINDOWS, platformName: WINDOWS, proxy: Proxy(), setWindowRect: true, strictFileInteractability: false, timeouts: {implicit: 0, pageLoad: 300000, script: 30000}, unhandledPromptBehavior: dismiss and notify, webauthn:extension:credBlob: true, webauthn:extension:largeBlob: true, webauthn:virtualAuthenticators: true}
Session ID: 214ce0b89279c1f227fd138056ea7ecc
	at sun.reflect.NativeConstructorAccessorImpl.newInstance0(Native Method)
	at sun.reflect.NativeConstructorAccessorImpl.newInstance(Unknown Source)
	at sun.reflect.DelegatingConstructorAccessorImpl.newInstance(Unknown Source)
	at java.lang.reflect.Constructor.newInstance(Unknown Source)
	at org.openqa.selenium.remote.http.W3CHttpResponseCodec.createException(W3CHttpResponseCodec.java:187)
	at org.openqa.selenium.remote.http.W3CHttpResponseCodec.decode(W3CHttpResponseCodec.java:122)
	at org.openqa.selenium.remote.http.W3CHttpResponseCodec.decode(W3CHttpResponseCodec.java:49)
	at org.openqa.selenium.remote.HttpCommandExecutor.execute(HttpCommandExecutor.java:164)
	at org.openqa.selenium.remote.service.DriverCommandExecutor.execute(DriverCommandExecutor.java:83)
	at org.openqa.selenium.remote.RemoteWebDriver.execute(RemoteWebDriver.java:600)
	at org.openqa.selenium.remote.RemoteWebElement.execute(RemoteWebElement.java:279)
	at org.openqa.selenium.remote.RemoteWebElement.click(RemoteWebElement.java:83)
	at stepDef.VulnerabiltyStepDef.click_on_Generate_and_download_pdf_vulnerability_report(VulnerabiltyStepDef.java:266)
	at ?.And click on Generate and download pdf vulnerability report(src/test/java/features/08_Vulnerability.feature:37)
</pre></div></td>
<td>54</td>
<td>runner.TestRunner@1e88b3c</td></tr>
<tr>
<td title='runner.TestRunner.feature()'><b>feature</b><br>Test class: runner.TestRunner<br>Test method: Runs Cucumber Feature<br>Parameters: Vulnerbility Scan Result Feature</td>
<td><div><pre>cucumber.runtime.CucumberException: org.openqa.selenium.ElementClickInterceptedException: element click intercepted: Element &lt;i class=&quot;fas fa-exclamation-triangle&quot;&gt;&lt;/i&gt; is not clickable at point (40, 290). Other element would receive the click: &lt;div class=&quot;el-loading-spinner&quot;&gt;...&lt;/div&gt;
  (Session info: chrome=92.0.4515.159)
Build info: version: &apos;3.7.0&apos;, revision: &apos;2321c73&apos;, time: &apos;2017-11-02T22:22:35.584Z&apos;
System info: host: &apos;DESKTOP-P004O12&apos;, ip: &apos;192.168.10.118&apos;, os.name: &apos;Windows 10&apos;, os.arch: &apos;amd64&apos;, os.version: &apos;10.0&apos;, java.version: &apos;1.8.0_251&apos;
Driver info: org.openqa.selenium.chrome.ChromeDriver
Capabilities {acceptInsecureCerts: false, browserName: chrome, browserVersion: 92.0.4515.159, chrome: {chromedriverVersion: 92.0.4515.107 (87a818b10553..., userDataDir: C:\Users\Pooja\AppData\Loca...}, goog:chromeOptions: {debuggerAddress: localhost:63156}, javascriptEnabled: true, networkConnectionEnabled: false, pageLoadStrategy: normal, platform: WINDOWS, platformName: WINDOWS, proxy: Proxy(), setWindowRect: true, strictFileInteractability: false, timeouts: {implicit: 0, pageLoad: 300000, script: 30000}, unhandledPromptBehavior: dismiss and notify, webauthn:extension:credBlob: true, webauthn:extension:largeBlob: true, webauthn:virtualAuthenticators: true}
Session ID: 214ce0b89279c1f227fd138056ea7ecc
	at cucumber.api.testng.TestNGCucumberRunner.runCucumber(TestNGCucumberRunner.java:69)
	at cucumber.api.testng.AbstractTestNGCucumberTests.feature(AbstractTestNGCucumberTests.java:21)
Caused by: org.openqa.selenium.ElementClickInterceptedException: element click intercepted: Element &lt;i class=&quot;fas fa-exclamation-triangle&quot;&gt;&lt;/i&gt; is not clickable at point (40, 290). Other element would receive the click: &lt;div class=&quot;el-loading-spinner&quot;&gt;...&lt;/div&gt;
  (Session info: chrome=92.0.4515.159)
Build info: version: &apos;3.7.0&apos;, revision: &apos;2321c73&apos;, time: &apos;2017-11-02T22:22:35.584Z&apos;
System info: host: &apos;DESKTOP-P004O12&apos;, ip: &apos;192.168.10.118&apos;, os.name: &apos;Windows 10&apos;, os.arch: &apos;amd64&apos;, os.version: &apos;10.0&apos;, java.version: &apos;1.8.0_251&apos;
Driver info: org.openqa.selenium.chrome.ChromeDriver
Capabilities {acceptInsecureCerts: false, browserName: chrome, browserVersion: 92.0.4515.159, chrome: {chromedriverVersion: 92.0.4515.107 (87a818b10553..., userDataDir: C:\Users\Pooja\AppData\Loca...}, goog:chromeOptions: {debuggerAddress: localhost:63156}, javascriptEnabled: true, networkConnectionEnabled: false, pageLoadStrategy: normal, platform: WINDOWS, platformName: WINDOWS, proxy: Proxy(), setWindowRect: true, strictFileInteractability: false, timeouts: {implicit: 0, pageLoad: 300000, script: 30000}, unhandledPromptBehavior: dismiss and notify, webauthn:extension:credBlob: true, webauthn:extension:largeBlob: true, webauthn:virtualAuthenticators: true}
Session ID: 214ce0b89279c1f227fd138056ea7ecc
	at org.openqa.selenium.remote.http.W3CHttpResponseCodec.createException(W3CHttpResponseCodec.java:187)
	at org.openqa.selenium.remote.http.W3CHttpResponseCodec.decode(W3CHttpResponseCodec.java:122)
	at org.openqa.selenium.remote.http.W3CHttpResponseCodec.decode(W3CHttpResponseCodec.java:49)
	at org.openqa.selenium.remote.HttpCommandExecutor.execute(HttpCommandExecutor.java:164)
	at org.openqa.selenium.remote.service.DriverCommandExecutor.execute(DriverCommandExecutor.java:83)
	at org.openqa.selenium.remote.RemoteWebDriver.execute(RemoteWebDriver.java:600)
	at org.openqa.selenium.remote.RemoteWebElement.execute(RemoteWebElement.java:279)
	at org.openqa.selenium.remote.RemoteWebElement.click(RemoteWebElement.java:83)
	at stepDef.VulnerabiltyStepDef.click_on_vulnerability_menu(VulnerabiltyStepDef.java:39)
	at ?.When Click on vulnerability menu(src/test/java/features/09_VulnerabilityScanResult.feature:14)
... Removed 32 stack frames</pre></div><a href='#' onClick='toggleBox("stack-trace1589968642", this, "Click to show all stack frames", "Click to hide stack frames")'>Click to show all stack frames</a>
<div class='stack-trace' id='stack-trace1589968642'><pre>cucumber.runtime.CucumberException: org.openqa.selenium.ElementClickInterceptedException: element click intercepted: Element &lt;i class=&quot;fas fa-exclamation-triangle&quot;&gt;&lt;/i&gt; is not clickable at point (40, 290). Other element would receive the click: &lt;div class=&quot;el-loading-spinner&quot;&gt;...&lt;/div&gt;
  (Session info: chrome=92.0.4515.159)
Build info: version: &apos;3.7.0&apos;, revision: &apos;2321c73&apos;, time: &apos;2017-11-02T22:22:35.584Z&apos;
System info: host: &apos;DESKTOP-P004O12&apos;, ip: &apos;192.168.10.118&apos;, os.name: &apos;Windows 10&apos;, os.arch: &apos;amd64&apos;, os.version: &apos;10.0&apos;, java.version: &apos;1.8.0_251&apos;
Driver info: org.openqa.selenium.chrome.ChromeDriver
Capabilities {acceptInsecureCerts: false, browserName: chrome, browserVersion: 92.0.4515.159, chrome: {chromedriverVersion: 92.0.4515.107 (87a818b10553..., userDataDir: C:\Users\Pooja\AppData\Loca...}, goog:chromeOptions: {debuggerAddress: localhost:63156}, javascriptEnabled: true, networkConnectionEnabled: false, pageLoadStrategy: normal, platform: WINDOWS, platformName: WINDOWS, proxy: Proxy(), setWindowRect: true, strictFileInteractability: false, timeouts: {implicit: 0, pageLoad: 300000, script: 30000}, unhandledPromptBehavior: dismiss and notify, webauthn:extension:credBlob: true, webauthn:extension:largeBlob: true, webauthn:virtualAuthenticators: true}
Session ID: 214ce0b89279c1f227fd138056ea7ecc
	at cucumber.api.testng.TestNGCucumberRunner.runCucumber(TestNGCucumberRunner.java:69)
	at cucumber.api.testng.AbstractTestNGCucumberTests.feature(AbstractTestNGCucumberTests.java:21)
	at sun.reflect.NativeMethodAccessorImpl.invoke0(Native Method)
	at sun.reflect.NativeMethodAccessorImpl.invoke(Unknown Source)
	at sun.reflect.DelegatingMethodAccessorImpl.invoke(Unknown Source)
	at java.lang.reflect.Method.invoke(Unknown Source)
	at org.testng.internal.MethodInvocationHelper.invokeMethod(MethodInvocationHelper.java:124)
	at org.testng.internal.Invoker.invokeMethod(Invoker.java:580)
	at org.testng.internal.Invoker.invokeTestMethod(Invoker.java:716)
	at org.testng.internal.Invoker.invokeTestMethods(Invoker.java:988)
	at org.testng.internal.TestMethodWorker.invokeTestMethods(TestMethodWorker.java:125)
	at org.testng.internal.TestMethodWorker.run(TestMethodWorker.java:109)
	at org.testng.TestRunner.privateRun(TestRunner.java:648)
	at org.testng.TestRunner.run(TestRunner.java:505)
	at org.testng.SuiteRunner.runTest(SuiteRunner.java:455)
	at org.testng.SuiteRunner.runSequentially(SuiteRunner.java:450)
	at org.testng.SuiteRunner.privateRun(SuiteRunner.java:415)
	at org.testng.SuiteRunner.run(SuiteRunner.java:364)
	at org.testng.SuiteRunnerWorker.runSuite(SuiteRunnerWorker.java:52)
	at org.testng.SuiteRunnerWorker.run(SuiteRunnerWorker.java:84)
	at org.testng.TestNG.runSuitesSequentially(TestNG.java:1208)
	at org.testng.TestNG.runSuitesLocally(TestNG.java:1137)
	at org.testng.TestNG.runSuites(TestNG.java:1049)
	at org.testng.TestNG.run(TestNG.java:1017)
	at org.apache.maven.surefire.testng.TestNGExecutor.run(TestNGExecutor.java:281)
	at org.apache.maven.surefire.testng.TestNGXmlTestSuite.execute(TestNGXmlTestSuite.java:75)
	at org.apache.maven.surefire.testng.TestNGProvider.invoke(TestNGProvider.java:121)
	at org.apache.maven.surefire.booter.ForkedBooter.invokeProviderInSameClassLoader(ForkedBooter.java:290)
	at org.apache.maven.surefire.booter.ForkedBooter.runSuitesInProcess(ForkedBooter.java:242)
	at org.apache.maven.surefire.booter.ForkedBooter.main(ForkedBooter.java:121)
Caused by: org.openqa.selenium.ElementClickInterceptedException: element click intercepted: Element &lt;i class=&quot;fas fa-exclamation-triangle&quot;&gt;&lt;/i&gt; is not clickable at point (40, 290). Other element would receive the click: &lt;div class=&quot;el-loading-spinner&quot;&gt;...&lt;/div&gt;
  (Session info: chrome=92.0.4515.159)
Build info: version: &apos;3.7.0&apos;, revision: &apos;2321c73&apos;, time: &apos;2017-11-02T22:22:35.584Z&apos;
System info: host: &apos;DESKTOP-P004O12&apos;, ip: &apos;192.168.10.118&apos;, os.name: &apos;Windows 10&apos;, os.arch: &apos;amd64&apos;, os.version: &apos;10.0&apos;, java.version: &apos;1.8.0_251&apos;
Driver info: org.openqa.selenium.chrome.ChromeDriver
Capabilities {acceptInsecureCerts: false, browserName: chrome, browserVersion: 92.0.4515.159, chrome: {chromedriverVersion: 92.0.4515.107 (87a818b10553..., userDataDir: C:\Users\Pooja\AppData\Loca...}, goog:chromeOptions: {debuggerAddress: localhost:63156}, javascriptEnabled: true, networkConnectionEnabled: false, pageLoadStrategy: normal, platform: WINDOWS, platformName: WINDOWS, proxy: Proxy(), setWindowRect: true, strictFileInteractability: false, timeouts: {implicit: 0, pageLoad: 300000, script: 30000}, unhandledPromptBehavior: dismiss and notify, webauthn:extension:credBlob: true, webauthn:extension:largeBlob: true, webauthn:virtualAuthenticators: true}
Session ID: 214ce0b89279c1f227fd138056ea7ecc
	at sun.reflect.NativeConstructorAccessorImpl.newInstance0(Native Method)
	at sun.reflect.NativeConstructorAccessorImpl.newInstance(Unknown Source)
	at sun.reflect.DelegatingConstructorAccessorImpl.newInstance(Unknown Source)
	at java.lang.reflect.Constructor.newInstance(Unknown Source)
	at org.openqa.selenium.remote.http.W3CHttpResponseCodec.createException(W3CHttpResponseCodec.java:187)
	at org.openqa.selenium.remote.http.W3CHttpResponseCodec.decode(W3CHttpResponseCodec.java:122)
	at org.openqa.selenium.remote.http.W3CHttpResponseCodec.decode(W3CHttpResponseCodec.java:49)
	at org.openqa.selenium.remote.HttpCommandExecutor.execute(HttpCommandExecutor.java:164)
	at org.openqa.selenium.remote.service.DriverCommandExecutor.execute(DriverCommandExecutor.java:83)
	at org.openqa.selenium.remote.RemoteWebDriver.execute(RemoteWebDriver.java:600)
	at org.openqa.selenium.remote.RemoteWebElement.execute(RemoteWebElement.java:279)
	at org.openqa.selenium.remote.RemoteWebElement.click(RemoteWebElement.java:83)
	at stepDef.VulnerabiltyStepDef.click_on_vulnerability_menu(VulnerabiltyStepDef.java:39)
	at ?.When Click on vulnerability menu(src/test/java/features/09_VulnerabilityScanResult.feature:14)
</pre></div></td>
<td>101</td>
<td>runner.TestRunner@1e88b3c</td></tr>
</table><p>
<table width='100%' border='1' class='invocation-passed'>
<tr><td colspan='4' align='center'><b>PASSED TESTS</b></td></tr>
<tr><td><b>Test method</b></td>
<td width="30%"><b>Exception</b></td>
<td width="10%"><b>Time (seconds)</b></td>
<td><b>Instance</b></td>
</tr>
<tr>
<td title='runner.TestRunner.feature()'><b>feature</b><br>Test class: runner.TestRunner<br>Test method: Runs Cucumber Feature<br>Parameters: Register Feature</td>
<td></td>
<td>40</td>
<td>runner.TestRunner@1e88b3c</td></tr>
<tr>
<td title='runner.TestRunner.feature()'><b>feature</b><br>Test class: runner.TestRunner<br>Test method: Runs Cucumber Feature<br>Parameters: Login Feature</td>
<td></td>
<td>26</td>
<td>runner.TestRunner@1e88b3c</td></tr>
<tr>
<td title='runner.TestRunner.feature()'><b>feature</b><br>Test class: runner.TestRunner<br>Test method: Runs Cucumber Feature<br>Parameters: Dashboard Feature</td>
<td></td>
<td>55</td>
<td>runner.TestRunner@1e88b3c</td></tr>
<tr>
<td title='runner.TestRunner.feature()'><b>feature</b><br>Test class: runner.TestRunner<br>Test method: Runs Cucumber Feature<br>Parameters: Project Feature</td>
<td></td>
<td>94</td>
<td>runner.TestRunner@1e88b3c</td></tr>
<tr>
<td title='runner.TestRunner.feature()'><b>feature</b><br>Test class: runner.TestRunner<br>Test method: Runs Cucumber Feature<br>Parameters: Componenent Feature</td>
<td></td>
<td>85</td>
<td>runner.TestRunner@1e88b3c</td></tr>
<tr>
<td title='runner.TestRunner.feature()'><b>feature</b><br>Test class: runner.TestRunner<br>Test method: Runs Cucumber Feature<br>Parameters: Componenent Scan Result Feature</td>
<td></td>
<td>36</td>
<td>runner.TestRunner@1e88b3c</td></tr>
<tr>
<td title='runner.TestRunner.feature()'><b>feature</b><br>Test class: runner.TestRunner<br>Test method: Runs Cucumber Feature<br>Parameters: Knowledge Graph Feature</td>
<td></td>
<td>102</td>
<td>runner.TestRunner@1e88b3c</td></tr>
<tr>
<td title='runner.TestRunner.feature()'><b>feature</b><br>Test class: runner.TestRunner<br>Test method: Runs Cucumber Feature<br>Parameters: Create Policy Feature</td>
<td></td>
<td>16</td>
<td>runner.TestRunner@1e88b3c</td></tr>
<tr>
<td title='runner.TestRunner.feature()'><b>feature</b><br>Test class: runner.TestRunner<br>Test method: Runs Cucumber Feature<br>Parameters: Apply Policy Feature</td>
<td></td>
<td>35</td>
<td>runner.TestRunner@1e88b3c</td></tr>
<tr>
<td title='runner.TestRunner.feature()'><b>feature</b><br>Test class: runner.TestRunner<br>Test method: Runs Cucumber Feature<br>Parameters: CompliancePolicy Feature</td>
<td></td>
<td>11</td>
<td>runner.TestRunner@1e88b3c</td></tr>
<tr>
<td title='runner.TestRunner.feature()'><b>feature</b><br>Test class: runner.TestRunner<br>Test method: Runs Cucumber Feature<br>Parameters: Compliance Result Policy Feature</td>
<td></td>
<td>3</td>
<td>runner.TestRunner@1e88b3c</td></tr>
<tr>
<td title='runner.TestRunner.feature()'><b>feature</b><br>Test class: runner.TestRunner<br>Test method: Runs Cucumber Feature<br>Parameters: General setting organization Feature</td>
<td></td>
<td>3</td>
<td>runner.TestRunner@1e88b3c</td></tr>
<tr>
<td title='runner.TestRunner.feature()'><b>feature</b><br>Test class: runner.TestRunner<br>Test method: Runs Cucumber Feature<br>Parameters: Teams Feature</td>
<td></td>
<td>2</td>
<td>runner.TestRunner@1e88b3c</td></tr>
<tr>
<td title='runner.TestRunner.feature()'><b>feature</b><br>Test class: runner.TestRunner<br>Test method: Runs Cucumber Feature<br>Parameters: Member invitation Feature</td>
<td></td>
<td>2</td>
<td>runner.TestRunner@1e88b3c</td></tr>
<tr>
<td title='runner.TestRunner.feature()'><b>feature</b><br>Test class: runner.TestRunner<br>Test method: Runs Cucumber Feature<br>Parameters: access token Feature</td>
<td></td>
<td>3</td>
<td>runner.TestRunner@1e88b3c</td></tr>
<tr>
<td title='runner.TestRunner.feature()'><b>feature</b><br>Test class: runner.TestRunner<br>Test method: Runs Cucumber Feature<br>Parameters: Integration Feature</td>
<td></td>
<td>0</td>
<td>runner.TestRunner@1e88b3c</td></tr>
<tr>
<td title='runner.TestRunner.feature()'><b>feature</b><br>Test class: runner.TestRunner<br>Test method: Runs Cucumber Feature<br>Parameters: Tag Feature</td>
<td></td>
<td>32</td>
<td>runner.TestRunner@1e88b3c</td></tr>
</table><p>
</body>
</html>